Determining if the pthread_create exist failed with the following output:
Change Dir: /home/stand/design_pattern/tetris/build/CMakeFiles/CMakeTmp

Run Build Command:"/usr/bin/make" "cmTC_6d165/fast"
/usr/bin/make -f CMakeFiles/cmTC_6d165.dir/build.make CMakeFiles/cmTC_6d165.dir/build
make[1]: 进入目录“/home/stand/design_pattern/tetris/build/CMakeFiles/CMakeTmp”
Building C object CMakeFiles/cmTC_6d165.dir/CheckSymbolExists.c.o
/usr/bin/cc    -o CMakeFiles/cmTC_6d165.dir/CheckSymbolExists.c.o   -c /home/stand/design_pattern/tetris/build/CMakeFiles/CMakeTmp/CheckSymbolExists.c
Linking C executable cmTC_6d165
/usr/bin/cmake -E cmake_link_script CMakeFiles/cmTC_6d165.dir/link.txt --verbose=1
/usr/bin/cc      CMakeFiles/cmTC_6d165.dir/CheckSymbolExists.c.o  -o cmTC_6d165 
CMakeFiles/cmTC_6d165.dir/CheckSymbolExists.c.o：在函数‘main’中：
CheckSymbolExists.c:(.text+0x1b)：对‘pthread_create’未定义的引用
collect2: error: ld returned 1 exit status
CMakeFiles/cmTC_6d165.dir/build.make:97: recipe for target 'cmTC_6d165' failed
make[1]: *** [cmTC_6d165] Error 1
make[1]: 离开目录“/home/stand/design_pattern/tetris/build/CMakeFiles/CMakeTmp”
Makefile:126: recipe for target 'cmTC_6d165/fast' failed
make: *** [cmTC_6d165/fast] Error 2

File /home/stand/design_pattern/tetris/build/CMakeFiles/CMakeTmp/CheckSymbolExists.c:
/* */
#include <pthread.h>

int main(int argc, char** argv)
{
  (void)argv;
#ifndef pthread_create
  return ((int*)(&pthread_create))[argc];
#else
  (void)argc;
  return 0;
#endif
}

